This file contains any messages produced by compilers while
running configure, to aid debugging if configure makes a mistake.

It was created by nlinkfs configure 0.1, which was
generated by GNU Autoconf 2.65.  Invocation command line was

  $ ./configure --no-create --no-recursion

## --------- ##
## Platform. ##
## --------- ##

hostname = terra
uname -m = x86_64
uname -r = 2.6.37-gentoo-r4
uname -s = Linux
uname -v = #6 SMP PREEMPT Mon May 2 17:12:12 BRT 2011

/usr/bin/uname -p = Intel(R) Core(TM)2 Quad CPU Q9400 @ 2.66GHz
/bin/uname -X     = unknown

/bin/arch              = unknown
/usr/bin/arch -k       = unknown
/usr/convex/getsysinfo = unknown
/usr/bin/hostinfo      = unknown
/bin/machine           = unknown
/usr/bin/oslevel       = unknown
/bin/universe          = unknown

PATH: /usr/local/bin
PATH: /usr/bin
PATH: /bin
PATH: /opt/bin
PATH: /usr/x86_64-pc-linux-gnu/gcc-bin/4.4.5
PATH: /usr/lib64/subversion/bin
PATH: /usr/games/bin
PATH: /sbin
PATH: /usr/sbin


## ----------- ##
## Core tests. ##
## ----------- ##

configure:2082: checking for a BSD-compatible install
configure:2150: result: /usr/bin/install -c
configure:2161: checking whether build environment is sane
configure:2211: result: yes
configure:2352: checking for a thread-safe mkdir -p
configure:2391: result: /bin/mkdir -p
configure:2404: checking for gawk
configure:2420: found /usr/bin/gawk
configure:2431: result: gawk
configure:2442: checking whether make sets $(MAKE)
configure:2464: result: yes
configure:2594: checking for gcc
configure:2610: found /usr/bin/gcc
configure:2621: result: gcc
configure:2850: checking for C compiler version
configure:2859: gcc --version >&5
gcc (Gentoo 4.4.5 p1.2, pie-0.4.5) 4.4.5
Copyright (C) 2010 Free Software Foundation, Inc.
This is free software; see the source for copying conditions.  There is NO
warranty; not even for MERCHANTABILITY or FITNESS FOR A PARTICULAR PURPOSE.

configure:2870: $? = 0
configure:2859: gcc -v >&5
Using built-in specs.
Target: x86_64-pc-linux-gnu
Configured with: /var/tmp/portage/sys-devel/gcc-4.4.5/work/gcc-4.4.5/configure --prefix=/usr --bindir=/usr/x86_64-pc-linux-gnu/gcc-bin/4.4.5 --includedir=/usr/lib/gcc/x86_64-pc-linux-gnu/4.4.5/include --datadir=/usr/share/gcc-data/x86_64-pc-linux-gnu/4.4.5 --mandir=/usr/share/gcc-data/x86_64-pc-linux-gnu/4.4.5/man --infodir=/usr/share/gcc-data/x86_64-pc-linux-gnu/4.4.5/info --with-gxx-include-dir=/usr/lib/gcc/x86_64-pc-linux-gnu/4.4.5/include/g++-v4 --host=x86_64-pc-linux-gnu --build=x86_64-pc-linux-gnu --disable-altivec --disable-fixed-point --without-ppl --without-cloog --enable-nls --without-included-gettext --with-system-zlib --disable-werror --enable-secureplt --enable-multilib --enable-libmudflap --disable-libssp --enable-libgomp --with-python-dir=/share/gcc-data/x86_64-pc-linux-gnu/4.4.5/python --enable-checking=release --enable-java-awt=gtk --enable-languages=c,c++,java,fortran --enable-shared --enable-threads=posix --enable-__cxa_atexit --enable-clocale=gnu --with-bugurl=http://bugs.gentoo.org/ --with-pkgversion='Gentoo 4.4.5 p1.2, pie-0.4.5'
Thread model: posix
gcc version 4.4.5 (Gentoo 4.4.5 p1.2, pie-0.4.5) 
configure:2870: $? = 0
configure:2859: gcc -V >&5
gcc: '-V' option must have argument
configure:2870: $? = 1
configure:2859: gcc -qversion >&5
gcc: unrecognized option '-qversion'
gcc: no input files
configure:2870: $? = 1
configure:2890: checking whether the C compiler works
configure:2912: gcc    conftest.c  >&5
configure:2916: $? = 0
configure:2965: result: yes
configure:2968: checking for C compiler default output file name
configure:2970: result: a.out
configure:2976: checking for suffix of executables
configure:2983: gcc -o conftest    conftest.c  >&5
configure:2987: $? = 0
configure:3009: result: 
configure:3031: checking whether we are cross compiling
configure:3039: gcc -o conftest    conftest.c  >&5
configure:3043: $? = 0
configure:3050: ./conftest
configure:3054: $? = 0
configure:3069: result: no
configure:3074: checking for suffix of object files
configure:3096: gcc -c   conftest.c >&5
configure:3100: $? = 0
configure:3121: result: o
configure:3125: checking whether we are using the GNU C compiler
configure:3144: gcc -c   conftest.c >&5
configure:3144: $? = 0
configure:3153: result: yes
configure:3162: checking whether gcc accepts -g
configure:3182: gcc -c -g  conftest.c >&5
configure:3182: $? = 0
configure:3223: result: yes
configure:3240: checking for gcc option to accept ISO C89
configure:3304: gcc  -c -g -O2  conftest.c >&5
configure:3304: $? = 0
configure:3317: result: none needed
configure:3348: checking for style of include used by make
configure:3376: result: GNU
configure:3401: checking dependency style of gcc
configure:3511: result: gcc3
configure:3534: checking for fuse_main in -lfuse
configure:3559: gcc -o conftest -g -O2   conftest.c -lfuse   >&5
configure:3559: $? = 0
configure:3568: result: yes
configure:3592: checking how to run the C preprocessor
configure:3623: gcc -E  conftest.c
configure:3623: $? = 0
configure:3637: gcc -E  conftest.c
conftest.c:12:28: error: ac_nonexistent.h: No such file or directory
configure:3637: $? = 1
configure: failed program was:
| /* confdefs.h */
| #define PACKAGE_NAME "nlinkfs"
| #define PACKAGE_TARNAME "nlinkfs"
| #define PACKAGE_VERSION "0.1"
| #define PACKAGE_STRING "nlinkfs 0.1"
| #define PACKAGE_BUGREPORT "rene@renesp.com.br"
| #define PACKAGE_URL ""
| #define PACKAGE "nlinkfs"
| #define VERSION "0.1"
| #define HAVE_LIBFUSE 1
| /* end confdefs.h.  */
| #include <ac_nonexistent.h>
configure:3662: result: gcc -E
configure:3682: gcc -E  conftest.c
configure:3682: $? = 0
configure:3696: gcc -E  conftest.c
conftest.c:12:28: error: ac_nonexistent.h: No such file or directory
configure:3696: $? = 1
configure: failed program was:
| /* confdefs.h */
| #define PACKAGE_NAME "nlinkfs"
| #define PACKAGE_TARNAME "nlinkfs"
| #define PACKAGE_VERSION "0.1"
| #define PACKAGE_STRING "nlinkfs 0.1"
| #define PACKAGE_BUGREPORT "rene@renesp.com.br"
| #define PACKAGE_URL ""
| #define PACKAGE "nlinkfs"
| #define VERSION "0.1"
| #define HAVE_LIBFUSE 1
| /* end confdefs.h.  */
| #include <ac_nonexistent.h>
configure:3725: checking for grep that handles long lines and -e
configure:3783: result: /bin/grep
configure:3788: checking for egrep
configure:3850: result: /bin/grep -E
configure:3855: checking for ANSI C header files
configure:3875: gcc -c -g -O2  conftest.c >&5
configure:3875: $? = 0
configure:3948: gcc -o conftest -g -O2   conftest.c -lfuse  >&5
configure:3948: $? = 0
configure:3948: ./conftest
configure:3948: $? = 0
configure:3959: result: yes
configure:3972: checking for sys/types.h
configure:3972: gcc -c -g -O2  conftest.c >&5
configure:3972: $? = 0
configure:3972: result: yes
configure:3972: checking for sys/stat.h
configure:3972: gcc -c -g -O2  conftest.c >&5
configure:3972: $? = 0
configure:3972: result: yes
configure:3972: checking for stdlib.h
configure:3972: gcc -c -g -O2  conftest.c >&5
configure:3972: $? = 0
configure:3972: result: yes
configure:3972: checking for string.h
configure:3972: gcc -c -g -O2  conftest.c >&5
configure:3972: $? = 0
configure:3972: result: yes
configure:3972: checking for memory.h
configure:3972: gcc -c -g -O2  conftest.c >&5
configure:3972: $? = 0
configure:3972: result: yes
configure:3972: checking for strings.h
configure:3972: gcc -c -g -O2  conftest.c >&5
configure:3972: $? = 0
configure:3972: result: yes
configure:3972: checking for inttypes.h
configure:3972: gcc -c -g -O2  conftest.c >&5
configure:3972: $? = 0
configure:3972: result: yes
configure:3972: checking for stdint.h
configure:3972: gcc -c -g -O2  conftest.c >&5
configure:3972: $? = 0
configure:3972: result: yes
configure:3972: checking for unistd.h
configure:3972: gcc -c -g -O2  conftest.c >&5
configure:3972: $? = 0
configure:3972: result: yes
configure:3988: checking errno.h usability
configure:3988: gcc -c -g -O2  conftest.c >&5
configure:3988: $? = 0
configure:3988: result: yes
configure:3988: checking errno.h presence
configure:3988: gcc -E  conftest.c
configure:3988: $? = 0
configure:3988: result: yes
configure:3988: checking for errno.h
configure:3988: result: yes
configure:3988: checking for sys/types.h
configure:3988: result: yes
configure:3988: checking for sys/stat.h
configure:3988: result: yes
configure:3988: checking fcntl.h usability
configure:3988: gcc -c -g -O2  conftest.c >&5
configure:3988: $? = 0
configure:3988: result: yes
configure:3988: checking fcntl.h presence
configure:3988: gcc -E  conftest.c
configure:3988: $? = 0
configure:3988: result: yes
configure:3988: checking for fcntl.h
configure:3988: result: yes
configure:3988: checking for unistd.h
configure:3988: result: yes
configure:3988: checking utime.h usability
configure:3988: gcc -c -g -O2  conftest.c >&5
configure:3988: $? = 0
configure:3988: result: yes
configure:3988: checking utime.h presence
configure:3988: gcc -E  conftest.c
configure:3988: $? = 0
configure:3988: result: yes
configure:3988: checking for utime.h
configure:3988: result: yes
configure:3988: checking dirent.h usability
configure:3988: gcc -c -g -O2  conftest.c >&5
configure:3988: $? = 0
configure:3988: result: yes
configure:3988: checking dirent.h presence
configure:3988: gcc -E  conftest.c
configure:3988: $? = 0
configure:3988: result: yes
configure:3988: checking for dirent.h
configure:3988: result: yes
configure:3988: checking glib.h usability
configure:3988: gcc -c -g -O2  conftest.c >&5
conftest.c:62:18: error: glib.h: No such file or directory
configure:3988: $? = 1
configure: failed program was:
| /* confdefs.h */
| #define PACKAGE_NAME "nlinkfs"
| #define PACKAGE_TARNAME "nlinkfs"
| #define PACKAGE_VERSION "0.1"
| #define PACKAGE_STRING "nlinkfs 0.1"
| #define PACKAGE_BUGREPORT "rene@renesp.com.br"
| #define PACKAGE_URL ""
| #define PACKAGE "nlinkfs"
| #define VERSION "0.1"
| #define HAVE_LIBFUSE 1
| #define STDC_HEADERS 1
| #define HAVE_SYS_TYPES_H 1
| #define HAVE_SYS_STAT_H 1
| #define HAVE_STDLIB_H 1
| #define HAVE_STRING_H 1
| #define HAVE_MEMORY_H 1
| #define HAVE_STRINGS_H 1
| #define HAVE_INTTYPES_H 1
| #define HAVE_STDINT_H 1
| #define HAVE_UNISTD_H 1
| #define HAVE_ERRNO_H 1
| #define HAVE_SYS_TYPES_H 1
| #define HAVE_SYS_STAT_H 1
| #define HAVE_FCNTL_H 1
| #define HAVE_UNISTD_H 1
| #define HAVE_UTIME_H 1
| #define HAVE_DIRENT_H 1
| /* end confdefs.h.  */
| #include <stdio.h>
| #ifdef HAVE_SYS_TYPES_H
| # include <sys/types.h>
| #endif
| #ifdef HAVE_SYS_STAT_H
| # include <sys/stat.h>
| #endif
| #ifdef STDC_HEADERS
| # include <stdlib.h>
| # include <stddef.h>
| #else
| # ifdef HAVE_STDLIB_H
| #  include <stdlib.h>
| # endif
| #endif
| #ifdef HAVE_STRING_H
| # if !defined STDC_HEADERS && defined HAVE_MEMORY_H
| #  include <memory.h>
| # endif
| # include <string.h>
| #endif
| #ifdef HAVE_STRINGS_H
| # include <strings.h>
| #endif
| #ifdef HAVE_INTTYPES_H
| # include <inttypes.h>
| #endif
| #ifdef HAVE_STDINT_H
| # include <stdint.h>
| #endif
| #ifdef HAVE_UNISTD_H
| # include <unistd.h>
| #endif
| #include <glib.h>
configure:3988: result: no
configure:3988: checking glib.h presence
configure:3988: gcc -E  conftest.c
conftest.c:29:18: error: glib.h: No such file or directory
configure:3988: $? = 1
configure: failed program was:
| /* confdefs.h */
| #define PACKAGE_NAME "nlinkfs"
| #define PACKAGE_TARNAME "nlinkfs"
| #define PACKAGE_VERSION "0.1"
| #define PACKAGE_STRING "nlinkfs 0.1"
| #define PACKAGE_BUGREPORT "rene@renesp.com.br"
| #define PACKAGE_URL ""
| #define PACKAGE "nlinkfs"
| #define VERSION "0.1"
| #define HAVE_LIBFUSE 1
| #define STDC_HEADERS 1
| #define HAVE_SYS_TYPES_H 1
| #define HAVE_SYS_STAT_H 1
| #define HAVE_STDLIB_H 1
| #define HAVE_STRING_H 1
| #define HAVE_MEMORY_H 1
| #define HAVE_STRINGS_H 1
| #define HAVE_INTTYPES_H 1
| #define HAVE_STDINT_H 1
| #define HAVE_UNISTD_H 1
| #define HAVE_ERRNO_H 1
| #define HAVE_SYS_TYPES_H 1
| #define HAVE_SYS_STAT_H 1
| #define HAVE_FCNTL_H 1
| #define HAVE_UNISTD_H 1
| #define HAVE_UTIME_H 1
| #define HAVE_DIRENT_H 1
| /* end confdefs.h.  */
| #include <glib.h>
configure:3988: result: no
configure:3988: checking for glib.h
configure:3988: result: no
configure:3988: checking semaphore.h usability
configure:3988: gcc -c -g -O2  conftest.c >&5
configure:3988: $? = 0
configure:3988: result: yes
configure:3988: checking semaphore.h presence
configure:3988: gcc -E  conftest.c
configure:3988: $? = 0
configure:3988: result: yes
configure:3988: checking for semaphore.h
configure:3988: result: yes
configure:4127: creating ./config.status

## ---------------- ##
## Cache variables. ##
## ---------------- ##

ac_cv_c_compiler_gnu=yes
ac_cv_env_CC_set=
ac_cv_env_CC_value=
ac_cv_env_CFLAGS_set=
ac_cv_env_CFLAGS_value=
ac_cv_env_CPPFLAGS_set=
ac_cv_env_CPPFLAGS_value=
ac_cv_env_CPP_set=
ac_cv_env_CPP_value=
ac_cv_env_LDFLAGS_set=
ac_cv_env_LDFLAGS_value=
ac_cv_env_LIBS_set=
ac_cv_env_LIBS_value=
ac_cv_env_build_alias_set=
ac_cv_env_build_alias_value=
ac_cv_env_host_alias_set=
ac_cv_env_host_alias_value=
ac_cv_env_target_alias_set=
ac_cv_env_target_alias_value=
ac_cv_header_dirent_h=yes
ac_cv_header_errno_h=yes
ac_cv_header_fcntl_h=yes
ac_cv_header_glib_h=no
ac_cv_header_inttypes_h=yes
ac_cv_header_memory_h=yes
ac_cv_header_semaphore_h=yes
ac_cv_header_stdc=yes
ac_cv_header_stdint_h=yes
ac_cv_header_stdlib_h=yes
ac_cv_header_string_h=yes
ac_cv_header_strings_h=yes
ac_cv_header_sys_stat_h=yes
ac_cv_header_sys_types_h=yes
ac_cv_header_unistd_h=yes
ac_cv_header_utime_h=yes
ac_cv_lib_fuse_fuse_main=yes
ac_cv_objext=o
ac_cv_path_EGREP='/bin/grep -E'
ac_cv_path_GREP=/bin/grep
ac_cv_path_install='/usr/bin/install -c'
ac_cv_path_mkdir=/bin/mkdir
ac_cv_prog_AWK=gawk
ac_cv_prog_CPP='gcc -E'
ac_cv_prog_ac_ct_CC=gcc
ac_cv_prog_cc_c89=
ac_cv_prog_cc_g=yes
ac_cv_prog_make_make_set=yes
am_cv_CC_dependencies_compiler_type=gcc3

## ----------------- ##
## Output variables. ##
## ----------------- ##

ACLOCAL='${SHELL} /home/rene/workspace/nlinkfs/missing --run aclocal-1.11'
AMDEPBACKSLASH='\'
AMDEP_FALSE='#'
AMDEP_TRUE=''
AMTAR='${SHELL} /home/rene/workspace/nlinkfs/missing --run tar'
AUTOCONF='${SHELL} /home/rene/workspace/nlinkfs/missing --run autoconf'
AUTOHEADER='${SHELL} /home/rene/workspace/nlinkfs/missing --run autoheader'
AUTOMAKE='${SHELL} /home/rene/workspace/nlinkfs/missing --run automake-1.11'
AWK='gawk'
CC='gcc'
CCDEPMODE='depmode=gcc3'
CFLAGS='-g -O2'
CPP='gcc -E'
CPPFLAGS=''
CYGPATH_W='echo'
DEFS='-DHAVE_CONFIG_H'
DEPDIR='.deps'
ECHO_C=''
ECHO_N='-n'
ECHO_T=''
EGREP='/bin/grep -E'
EXEEXT=''
FUSE_CFLAGS='-D_FILE_OFFSET_BITS=64 -I/usr/include/fuse  '
FUSE_LIBS='-pthread -lfuse -lrt -ldl  '
GLIB_CFLAGS='-I/usr/include/glib-2.0 -I/usr/lib64/glib-2.0/include  '
GLIB_LIBS='-lglib-2.0  '
GREP='/bin/grep'
INSTALL_DATA='${INSTALL} -m 644'
INSTALL_PROGRAM='${INSTALL}'
INSTALL_SCRIPT='${INSTALL}'
INSTALL_STRIP_PROGRAM='$(install_sh) -c -s'
LDFLAGS=''
LIBOBJS=''
LIBS='-lfuse '
LTLIBOBJS=''
MAKEINFO='${SHELL} /home/rene/workspace/nlinkfs/missing --run makeinfo'
MKDIR_P='/bin/mkdir -p'
OBJEXT='o'
PACKAGE='nlinkfs'
PACKAGE_BUGREPORT='rene@renesp.com.br'
PACKAGE_NAME='nlinkfs'
PACKAGE_STRING='nlinkfs 0.1'
PACKAGE_TARNAME='nlinkfs'
PACKAGE_URL=''
PACKAGE_VERSION='0.1'
PATH_SEPARATOR=':'
SET_MAKE=''
SHELL='/bin/sh'
STRIP=''
VERSION='0.1'
ac_ct_CC='gcc'
am__EXEEXT_FALSE=''
am__EXEEXT_TRUE='#'
am__fastdepCC_FALSE='#'
am__fastdepCC_TRUE=''
am__include='include'
am__isrc=''
am__leading_dot='.'
am__quote=''
am__tar='${AMTAR} chof - "$$tardir"'
am__untar='${AMTAR} xf -'
bindir='${exec_prefix}/bin'
build_alias=''
datadir='${datarootdir}'
datarootdir='${prefix}/share'
docdir='${datarootdir}/doc/${PACKAGE_TARNAME}'
dvidir='${docdir}'
exec_prefix='${prefix}'
host_alias=''
htmldir='${docdir}'
includedir='${prefix}/include'
infodir='${datarootdir}/info'
install_sh='${SHELL} /home/rene/workspace/nlinkfs/install-sh'
libdir='${exec_prefix}/lib'
libexecdir='${exec_prefix}/libexec'
localedir='${datarootdir}/locale'
localstatedir='${prefix}/var'
mandir='${datarootdir}/man'
mkdir_p='/bin/mkdir -p'
oldincludedir='/usr/include'
pdfdir='${docdir}'
prefix='/usr/local'
program_transform_name='s,x,x,'
psdir='${docdir}'
sbindir='${exec_prefix}/sbin'
sharedstatedir='${prefix}/com'
sysconfdir='${prefix}/etc'
target_alias=''

## ----------- ##
## confdefs.h. ##
## ----------- ##

/* confdefs.h */
#define PACKAGE_NAME "nlinkfs"
#define PACKAGE_TARNAME "nlinkfs"
#define PACKAGE_VERSION "0.1"
#define PACKAGE_STRING "nlinkfs 0.1"
#define PACKAGE_BUGREPORT "rene@renesp.com.br"
#define PACKAGE_URL ""
#define PACKAGE "nlinkfs"
#define VERSION "0.1"
#define HAVE_LIBFUSE 1
#define STDC_HEADERS 1
#define HAVE_SYS_TYPES_H 1
#define HAVE_SYS_STAT_H 1
#define HAVE_STDLIB_H 1
#define HAVE_STRING_H 1
#define HAVE_MEMORY_H 1
#define HAVE_STRINGS_H 1
#define HAVE_INTTYPES_H 1
#define HAVE_STDINT_H 1
#define HAVE_UNISTD_H 1
#define HAVE_ERRNO_H 1
#define HAVE_SYS_TYPES_H 1
#define HAVE_SYS_STAT_H 1
#define HAVE_FCNTL_H 1
#define HAVE_UNISTD_H 1
#define HAVE_UTIME_H 1
#define HAVE_DIRENT_H 1
#define HAVE_SEMAPHORE_H 1

configure: exit 0

## ---------------------- ##
## Running config.status. ##
## ---------------------- ##

This file was extended by nlinkfs config.status 0.1, which was
generated by GNU Autoconf 2.65.  Invocation command line was

  CONFIG_FILES    = 
  CONFIG_HEADERS  = 
  CONFIG_LINKS    = 
  CONFIG_COMMANDS = 
  $ ./config.status 

on terra

config.status:864: creating Makefile
config.status:864: creating src/Makefile
config.status:864: creating src/config.h
config.status:1036: src/config.h is unchanged
config.status:1084: executing depfiles commands

## ---------------------- ##
## Running config.status. ##
## ---------------------- ##

This file was extended by nlinkfs config.status 0.1, which was
generated by GNU Autoconf 2.65.  Invocation command line was

  CONFIG_FILES    = 
  CONFIG_HEADERS  = 
  CONFIG_LINKS    = 
  CONFIG_COMMANDS = 
  $ ./config.status src/config.h

on terra

config.status:864: creating src/config.h
config.status:1036: src/config.h is unchanged
